18:40:58.306 [main] INFO  c.s.StanApplication - [logStarting,50] - Starting StanApplication on Stan with PID 2220 (D:\Work\Project\Stan\target\classes started by yangx in D:\Work\Project\Stan)
18:40:58.309 [main] INFO  c.s.StanApplication - [logStartupProfileInfo,675] - No active profile set, falling back to default profiles: default
18:40:59.110 [main] INFO  o.s.d.r.c.RepositoryConfigurationDelegate - [multipleStoresDetected,244] - Multiple Spring Data modules found, entering strict repository configuration mode!
18:40:59.113 [main] INFO  o.s.d.r.c.RepositoryConfigurationDelegate - [registerRepositoriesIn,126] - Bootstrapping Spring Data repositories in DEFAULT mode.
18:40:59.138 [main] INFO  o.s.d.r.c.RepositoryConfigurationDelegate - [registerRepositoriesIn,182] - Finished Spring Data repository scanning in 12ms. Found 0 repository interfaces.
18:40:59.400 [main] INFO  o.s.c.s.PostProcessorRegistrationDelegate$BeanPostProcessorChecker - [postProcessAfterInitialization,330] - Bean 'org.springframework.ws.config.annotation.DelegatingWsConfiguration' of type [org.springframework.ws.config.annotation.DelegatingWsConfiguration$$EnhancerBySpringCGLIB$$1f041deb] is not eligible for getting processed by all BeanPostProcessors (for example: not eligible for auto-proxying)
18:40:59.435 [main] INFO  o.s.w.s.a.s.AnnotationActionEndpointMapping - [afterPropertiesSet,236] - Supporting [WS-Addressing August 2004, WS-Addressing 1.0]
18:40:59.448 [main] INFO  o.s.c.s.PostProcessorRegistrationDelegate$BeanPostProcessorChecker - [postProcessAfterInitialization,330] - Bean 'org.springframework.transaction.annotation.ProxyTransactionManagementConfiguration' of type [org.springframework.transaction.annotation.ProxyTransactionManagementConfiguration$$EnhancerBySpringCGLIB$$7a6c58ec] is not eligible for getting processed by all BeanPostProcessors (for example: not eligible for auto-proxying)
18:40:59.717 [main] INFO  o.s.b.w.e.t.TomcatWebServer - [initialize,90] - Tomcat initialized with port(s): 80 (http)
18:40:59.729 [main] INFO  o.a.c.h.Http11NioProtocol - [log,173] - Initializing ProtocolHandler ["http-nio-80"]
18:40:59.736 [main] INFO  o.a.c.c.StandardService - [log,173] - Starting service [Tomcat]
18:40:59.736 [main] INFO  o.a.c.c.StandardEngine - [log,173] - Starting Servlet engine: [Apache Tomcat/9.0.16]
18:40:59.742 [main] INFO  o.a.c.c.AprLifecycleListener - [log,173] - The APR based Apache Tomcat Native library which allows optimal performance in production environments was not found on the java.library.path: [D:\Work\JDK\jdk1.8.0_91\bin;C:\WINDOWS\Sun\Java\bin;C:\WINDOWS\system32;C:\WINDOWS;D:\app\yangx\product\11.1.0\db_1\bin;C:\Program Files (x86)\Intel\iCLS Client\;C:\Program Files\Intel\iCLS Client\;C:\WINDOWS\system32;C:\WINDOWS;C:\WINDOWS\System32\Wbem;C:\WINDOWS\System32\WindowsPowerShell\v1.0\;C:\Program Files (x86)\Intel\Intel(R) Management Engine Components\DAL;C:\Program Files\Intel\Intel(R) Management Engine Components\DAL;C:\Program Files (x86)\Intel\Intel(R) Management Engine Components\IPT;C:\Program Files\Intel\Intel(R) Management Engine Components\IPT;D:\Work\JDK\jdk1.8.0_91\jre\bin;C:\WINDOWS\System32\OpenSSH\;D:\Work\Maven\apache-maven-3.5.4\jre\bin;D:\Oracle\ora90\BIN\;D:\Work\MYSQL\mysql-5.7.23-winx64\bin;C:\Users\yangx\AppData\Local\Microsoft\WindowsApps;D:\Program Files\Bandizip\;d:\Program Files\JetBrains\DataGrip 2018.3.1\bin;;.]
18:40:59.831 [main] INFO  o.a.c.c.C.[.[.[/] - [log,173] - Initializing Spring embedded WebApplicationContext
18:40:59.831 [main] INFO  o.s.w.c.ContextLoader - [prepareWebApplicationContext,296] - Root WebApplicationContext: initialization completed in 1438 ms
18:40:59.891 [main] INFO  o.a.c.c.StandardService - [log,173] - Stopping service [Tomcat]
18:40:59.908 [main] INFO  o.s.b.a.l.ConditionEvaluationReportLoggingListener - [logMessage,142] - 

Error starting ApplicationContext. To display the conditions report re-run your application with 'debug' enabled.
18:42:34.126 [main] INFO  c.s.StanApplication - [logStarting,50] - Starting StanApplication on Stan with PID 8348 (D:\Work\Project\Stan\target\classes started by yangx in D:\Work\Project\Stan)
18:42:34.131 [main] INFO  c.s.StanApplication - [logStartupProfileInfo,675] - No active profile set, falling back to default profiles: default
18:42:34.828 [main] INFO  o.s.d.r.c.RepositoryConfigurationDelegate - [multipleStoresDetected,244] - Multiple Spring Data modules found, entering strict repository configuration mode!
18:42:34.830 [main] INFO  o.s.d.r.c.RepositoryConfigurationDelegate - [registerRepositoriesIn,126] - Bootstrapping Spring Data repositories in DEFAULT mode.
18:42:34.858 [main] INFO  o.s.d.r.c.RepositoryConfigurationDelegate - [registerRepositoriesIn,182] - Finished Spring Data repository scanning in 14ms. Found 0 repository interfaces.
18:42:35.140 [main] INFO  o.s.c.s.PostProcessorRegistrationDelegate$BeanPostProcessorChecker - [postProcessAfterInitialization,330] - Bean 'org.springframework.ws.config.annotation.DelegatingWsConfiguration' of type [org.springframework.ws.config.annotation.DelegatingWsConfiguration$$EnhancerBySpringCGLIB$$a8a3a455] is not eligible for getting processed by all BeanPostProcessors (for example: not eligible for auto-proxying)
18:42:35.176 [main] INFO  o.s.w.s.a.s.AnnotationActionEndpointMapping - [afterPropertiesSet,236] - Supporting [WS-Addressing August 2004, WS-Addressing 1.0]
18:42:35.190 [main] INFO  o.s.c.s.PostProcessorRegistrationDelegate$BeanPostProcessorChecker - [postProcessAfterInitialization,330] - Bean 'org.springframework.transaction.annotation.ProxyTransactionManagementConfiguration' of type [org.springframework.transaction.annotation.ProxyTransactionManagementConfiguration$$EnhancerBySpringCGLIB$$40bdf56] is not eligible for getting processed by all BeanPostProcessors (for example: not eligible for auto-proxying)
18:42:35.485 [main] INFO  o.s.b.w.e.t.TomcatWebServer - [initialize,90] - Tomcat initialized with port(s): 80 (http)
18:42:35.500 [main] INFO  o.a.c.h.Http11NioProtocol - [log,173] - Initializing ProtocolHandler ["http-nio-80"]
18:42:35.509 [main] INFO  o.a.c.c.StandardService - [log,173] - Starting service [Tomcat]
18:42:35.510 [main] INFO  o.a.c.c.StandardEngine - [log,173] - Starting Servlet engine: [Apache Tomcat/9.0.16]
18:42:35.517 [main] INFO  o.a.c.c.AprLifecycleListener - [log,173] - The APR based Apache Tomcat Native library which allows optimal performance in production environments was not found on the java.library.path: [D:\Work\JDK\jdk1.8.0_91\bin;C:\WINDOWS\Sun\Java\bin;C:\WINDOWS\system32;C:\WINDOWS;D:\app\yangx\product\11.1.0\db_1\bin;C:\Program Files (x86)\Intel\iCLS Client\;C:\Program Files\Intel\iCLS Client\;C:\WINDOWS\system32;C:\WINDOWS;C:\WINDOWS\System32\Wbem;C:\WINDOWS\System32\WindowsPowerShell\v1.0\;C:\Program Files (x86)\Intel\Intel(R) Management Engine Components\DAL;C:\Program Files\Intel\Intel(R) Management Engine Components\DAL;C:\Program Files (x86)\Intel\Intel(R) Management Engine Components\IPT;C:\Program Files\Intel\Intel(R) Management Engine Components\IPT;D:\Work\JDK\jdk1.8.0_91\jre\bin;C:\WINDOWS\System32\OpenSSH\;D:\Work\Maven\apache-maven-3.5.4\jre\bin;D:\Oracle\ora90\BIN\;D:\Work\MYSQL\mysql-5.7.23-winx64\bin;C:\Users\yangx\AppData\Local\Microsoft\WindowsApps;D:\Program Files\Bandizip\;d:\Program Files\JetBrains\DataGrip 2018.3.1\bin;;.]
18:42:35.605 [main] INFO  o.a.c.c.C.[.[.[/] - [log,173] - Initializing Spring embedded WebApplicationContext
18:42:35.605 [main] INFO  o.s.w.c.ContextLoader - [prepareWebApplicationContext,296] - Root WebApplicationContext: initialization completed in 1378 ms
18:42:35.665 [main] INFO  o.a.c.c.StandardService - [log,173] - Stopping service [Tomcat]
18:42:35.681 [main] INFO  o.s.b.a.l.ConditionEvaluationReportLoggingListener - [logMessage,142] - 

Error starting ApplicationContext. To display the conditions report re-run your application with 'debug' enabled.
18:45:47.255 [main] INFO  c.s.StanApplication - [logStarting,50] - Starting StanApplication on Stan with PID 1004 (D:\Work\Project\Stan\target\classes started by yangx in D:\Work\Project\Stan)
18:45:47.259 [main] INFO  c.s.StanApplication - [logStartupProfileInfo,675] - No active profile set, falling back to default profiles: default
18:45:47.983 [main] INFO  o.s.d.r.c.RepositoryConfigurationDelegate - [multipleStoresDetected,244] - Multiple Spring Data modules found, entering strict repository configuration mode!
18:45:47.985 [main] INFO  o.s.d.r.c.RepositoryConfigurationDelegate - [registerRepositoriesIn,126] - Bootstrapping Spring Data repositories in DEFAULT mode.
18:45:48.008 [main] INFO  o.s.d.r.c.RepositoryConfigurationDelegate - [registerRepositoriesIn,182] - Finished Spring Data repository scanning in 13ms. Found 0 repository interfaces.
18:45:48.270 [main] INFO  o.s.c.s.PostProcessorRegistrationDelegate$BeanPostProcessorChecker - [postProcessAfterInitialization,330] - Bean 'org.springframework.ws.config.annotation.DelegatingWsConfiguration' of type [org.springframework.ws.config.annotation.DelegatingWsConfiguration$$EnhancerBySpringCGLIB$$69b7b0a2] is not eligible for getting processed by all BeanPostProcessors (for example: not eligible for auto-proxying)
18:45:48.310 [main] INFO  o.s.w.s.a.s.AnnotationActionEndpointMapping - [afterPropertiesSet,236] - Supporting [WS-Addressing August 2004, WS-Addressing 1.0]
18:45:48.324 [main] INFO  o.s.c.s.PostProcessorRegistrationDelegate$BeanPostProcessorChecker - [postProcessAfterInitialization,330] - Bean 'org.springframework.transaction.annotation.ProxyTransactionManagementConfiguration' of type [org.springframework.transaction.annotation.ProxyTransactionManagementConfiguration$$EnhancerBySpringCGLIB$$c51feba3] is not eligible for getting processed by all BeanPostProcessors (for example: not eligible for auto-proxying)
18:45:48.598 [main] INFO  o.s.b.w.e.t.TomcatWebServer - [initialize,90] - Tomcat initialized with port(s): 80 (http)
18:45:48.610 [main] INFO  o.a.c.h.Http11NioProtocol - [log,173] - Initializing ProtocolHandler ["http-nio-80"]
18:45:48.616 [main] INFO  o.a.c.c.StandardService - [log,173] - Starting service [Tomcat]
18:45:48.617 [main] INFO  o.a.c.c.StandardEngine - [log,173] - Starting Servlet engine: [Apache Tomcat/9.0.16]
18:45:48.622 [main] INFO  o.a.c.c.AprLifecycleListener - [log,173] - The APR based Apache Tomcat Native library which allows optimal performance in production environments was not found on the java.library.path: [D:\Work\JDK\jdk1.8.0_91\bin;C:\WINDOWS\Sun\Java\bin;C:\WINDOWS\system32;C:\WINDOWS;D:\app\yangx\product\11.1.0\db_1\bin;C:\Program Files (x86)\Intel\iCLS Client\;C:\Program Files\Intel\iCLS Client\;C:\WINDOWS\system32;C:\WINDOWS;C:\WINDOWS\System32\Wbem;C:\WINDOWS\System32\WindowsPowerShell\v1.0\;C:\Program Files (x86)\Intel\Intel(R) Management Engine Components\DAL;C:\Program Files\Intel\Intel(R) Management Engine Components\DAL;C:\Program Files (x86)\Intel\Intel(R) Management Engine Components\IPT;C:\Program Files\Intel\Intel(R) Management Engine Components\IPT;D:\Work\JDK\jdk1.8.0_91\jre\bin;C:\WINDOWS\System32\OpenSSH\;D:\Work\Maven\apache-maven-3.5.4\jre\bin;D:\Oracle\ora90\BIN\;D:\Work\MYSQL\mysql-5.7.23-winx64\bin;C:\Users\yangx\AppData\Local\Microsoft\WindowsApps;D:\Program Files\Bandizip\;d:\Program Files\JetBrains\DataGrip 2018.3.1\bin;;.]
18:45:48.713 [main] INFO  o.a.c.c.C.[.[.[/] - [log,173] - Initializing Spring embedded WebApplicationContext
18:45:48.714 [main] INFO  o.s.w.c.ContextLoader - [prepareWebApplicationContext,296] - Root WebApplicationContext: initialization completed in 1369 ms
18:45:49.332 [main] INFO  o.s.s.c.ThreadPoolTaskExecutor - [initialize,171] - Initializing ExecutorService 'applicationTaskExecutor'
18:45:49.441 [main] INFO  o.s.b.a.w.s.WelcomePageHandlerMapping - [<init>,61] - Adding welcome page template: index
18:45:49.814 [main] INFO  o.a.c.h.Http11NioProtocol - [log,173] - Starting ProtocolHandler ["http-nio-80"]
18:45:49.845 [main] INFO  o.s.b.w.e.t.TomcatWebServer - [start,204] - Tomcat started on port(s): 80 (http) with context path ''
18:45:49.849 [main] INFO  c.s.StanApplication - [logStarted,59] - Started StanApplication in 3.235 seconds (JVM running for 4.384)
18:46:16.475 [main] INFO  c.s.StanApplication - [logStarting,50] - Starting StanApplication on Stan with PID 11756 (D:\Work\Project\Stan\target\classes started by yangx in D:\Work\Project\Stan)
18:46:16.478 [main] INFO  c.s.StanApplication - [logStartupProfileInfo,675] - No active profile set, falling back to default profiles: default
18:46:17.257 [main] INFO  o.s.d.r.c.RepositoryConfigurationDelegate - [multipleStoresDetected,244] - Multiple Spring Data modules found, entering strict repository configuration mode!
18:46:17.259 [main] INFO  o.s.d.r.c.RepositoryConfigurationDelegate - [registerRepositoriesIn,126] - Bootstrapping Spring Data repositories in DEFAULT mode.
18:46:17.282 [main] INFO  o.s.d.r.c.RepositoryConfigurationDelegate - [registerRepositoriesIn,182] - Finished Spring Data repository scanning in 12ms. Found 0 repository interfaces.
18:46:17.556 [main] INFO  o.s.c.s.PostProcessorRegistrationDelegate$BeanPostProcessorChecker - [postProcessAfterInitialization,330] - Bean 'org.springframework.ws.config.annotation.DelegatingWsConfiguration' of type [org.springframework.ws.config.annotation.DelegatingWsConfiguration$$EnhancerBySpringCGLIB$$816f4b46] is not eligible for getting processed by all BeanPostProcessors (for example: not eligible for auto-proxying)
18:46:17.583 [main] INFO  o.s.w.s.a.s.AnnotationActionEndpointMapping - [afterPropertiesSet,236] - Supporting [WS-Addressing August 2004, WS-Addressing 1.0]
18:46:17.596 [main] INFO  o.s.c.s.PostProcessorRegistrationDelegate$BeanPostProcessorChecker - [postProcessAfterInitialization,330] - Bean 'org.springframework.transaction.annotation.ProxyTransactionManagementConfiguration' of type [org.springframework.transaction.annotation.ProxyTransactionManagementConfiguration$$EnhancerBySpringCGLIB$$dcd78647] is not eligible for getting processed by all BeanPostProcessors (for example: not eligible for auto-proxying)
18:46:17.844 [main] INFO  o.s.b.w.e.t.TomcatWebServer - [initialize,90] - Tomcat initialized with port(s): 80 (http)
18:46:17.858 [main] INFO  o.a.c.h.Http11NioProtocol - [log,173] - Initializing ProtocolHandler ["http-nio-80"]
18:46:17.866 [main] INFO  o.a.c.c.StandardService - [log,173] - Starting service [Tomcat]
18:46:17.866 [main] INFO  o.a.c.c.StandardEngine - [log,173] - Starting Servlet engine: [Apache Tomcat/9.0.16]
18:46:17.873 [main] INFO  o.a.c.c.AprLifecycleListener - [log,173] - The APR based Apache Tomcat Native library which allows optimal performance in production environments was not found on the java.library.path: [D:\Work\JDK\jdk1.8.0_91\bin;C:\WINDOWS\Sun\Java\bin;C:\WINDOWS\system32;C:\WINDOWS;D:\app\yangx\product\11.1.0\db_1\bin;C:\Program Files (x86)\Intel\iCLS Client\;C:\Program Files\Intel\iCLS Client\;C:\WINDOWS\system32;C:\WINDOWS;C:\WINDOWS\System32\Wbem;C:\WINDOWS\System32\WindowsPowerShell\v1.0\;C:\Program Files (x86)\Intel\Intel(R) Management Engine Components\DAL;C:\Program Files\Intel\Intel(R) Management Engine Components\DAL;C:\Program Files (x86)\Intel\Intel(R) Management Engine Components\IPT;C:\Program Files\Intel\Intel(R) Management Engine Components\IPT;D:\Work\JDK\jdk1.8.0_91\jre\bin;C:\WINDOWS\System32\OpenSSH\;D:\Work\Maven\apache-maven-3.5.4\jre\bin;D:\Oracle\ora90\BIN\;D:\Work\MYSQL\mysql-5.7.23-winx64\bin;C:\Users\yangx\AppData\Local\Microsoft\WindowsApps;D:\Program Files\Bandizip\;d:\Program Files\JetBrains\DataGrip 2018.3.1\bin;;.]
18:46:17.958 [main] INFO  o.a.c.c.C.[.[.[/] - [log,173] - Initializing Spring embedded WebApplicationContext
18:46:17.959 [main] INFO  o.s.w.c.ContextLoader - [prepareWebApplicationContext,296] - Root WebApplicationContext: initialization completed in 1396 ms
18:46:18.019 [main] INFO  o.a.c.c.StandardService - [log,173] - Stopping service [Tomcat]
18:46:18.037 [main] INFO  o.s.b.a.l.ConditionEvaluationReportLoggingListener - [logMessage,142] - 

Error starting ApplicationContext. To display the conditions report re-run your application with 'debug' enabled.
18:48:32.809 [main] INFO  c.s.StanApplication - [logStarting,50] - Starting StanApplication on Stan with PID 4256 (D:\Work\Project\Stan\target\classes started by yangx in D:\Work\Project\Stan)
18:48:32.813 [main] INFO  c.s.StanApplication - [logStartupProfileInfo,675] - No active profile set, falling back to default profiles: default
18:48:33.647 [main] INFO  o.s.d.r.c.RepositoryConfigurationDelegate - [multipleStoresDetected,244] - Multiple Spring Data modules found, entering strict repository configuration mode!
18:48:33.649 [main] INFO  o.s.d.r.c.RepositoryConfigurationDelegate - [registerRepositoriesIn,126] - Bootstrapping Spring Data repositories in DEFAULT mode.
18:48:33.674 [main] INFO  o.s.d.r.c.RepositoryConfigurationDelegate - [registerRepositoriesIn,182] - Finished Spring Data repository scanning in 13ms. Found 0 repository interfaces.
18:48:34.017 [main] INFO  o.s.c.s.PostProcessorRegistrationDelegate$BeanPostProcessorChecker - [postProcessAfterInitialization,330] - Bean 'org.springframework.ws.config.annotation.DelegatingWsConfiguration' of type [org.springframework.ws.config.annotation.DelegatingWsConfiguration$$EnhancerBySpringCGLIB$$d12d7ee] is not eligible for getting processed by all BeanPostProcessors (for example: not eligible for auto-proxying)
18:48:34.057 [main] INFO  o.s.w.s.a.s.AnnotationActionEndpointMapping - [afterPropertiesSet,236] - Supporting [WS-Addressing August 2004, WS-Addressing 1.0]
18:48:34.072 [main] INFO  o.s.c.s.PostProcessorRegistrationDelegate$BeanPostProcessorChecker - [postProcessAfterInitialization,330] - Bean 'org.springframework.transaction.annotation.ProxyTransactionManagementConfiguration' of type [org.springframework.transaction.annotation.ProxyTransactionManagementConfiguration$$EnhancerBySpringCGLIB$$687b12ef] is not eligible for getting processed by all BeanPostProcessors (for example: not eligible for auto-proxying)
18:48:34.346 [main] INFO  o.s.b.w.e.t.TomcatWebServer - [initialize,90] - Tomcat initialized with port(s): 80 (http)
18:48:34.359 [main] INFO  o.a.c.h.Http11NioProtocol - [log,173] - Initializing ProtocolHandler ["http-nio-80"]
18:48:34.367 [main] INFO  o.a.c.c.StandardService - [log,173] - Starting service [Tomcat]
18:48:34.368 [main] INFO  o.a.c.c.StandardEngine - [log,173] - Starting Servlet engine: [Apache Tomcat/9.0.16]
18:48:34.375 [main] INFO  o.a.c.c.AprLifecycleListener - [log,173] - The APR based Apache Tomcat Native library which allows optimal performance in production environments was not found on the java.library.path: [D:\Work\JDK\jdk1.8.0_91\bin;C:\WINDOWS\Sun\Java\bin;C:\WINDOWS\system32;C:\WINDOWS;D:\app\yangx\product\11.1.0\db_1\bin;C:\Program Files (x86)\Intel\iCLS Client\;C:\Program Files\Intel\iCLS Client\;C:\WINDOWS\system32;C:\WINDOWS;C:\WINDOWS\System32\Wbem;C:\WINDOWS\System32\WindowsPowerShell\v1.0\;C:\Program Files (x86)\Intel\Intel(R) Management Engine Components\DAL;C:\Program Files\Intel\Intel(R) Management Engine Components\DAL;C:\Program Files (x86)\Intel\Intel(R) Management Engine Components\IPT;C:\Program Files\Intel\Intel(R) Management Engine Components\IPT;D:\Work\JDK\jdk1.8.0_91\jre\bin;C:\WINDOWS\System32\OpenSSH\;D:\Work\Maven\apache-maven-3.5.4\jre\bin;D:\Oracle\ora90\BIN\;D:\Work\MYSQL\mysql-5.7.23-winx64\bin;C:\Users\yangx\AppData\Local\Microsoft\WindowsApps;D:\Program Files\Bandizip\;d:\Program Files\JetBrains\DataGrip 2018.3.1\bin;;.]
18:48:34.471 [main] INFO  o.a.c.c.C.[.[.[/] - [log,173] - Initializing Spring embedded WebApplicationContext
18:48:34.471 [main] INFO  o.s.w.c.ContextLoader - [prepareWebApplicationContext,296] - Root WebApplicationContext: initialization completed in 1548 ms
18:48:35.026 [main] INFO  o.s.s.c.ThreadPoolTaskExecutor - [initialize,171] - Initializing ExecutorService 'applicationTaskExecutor'
18:48:35.130 [main] INFO  o.s.b.a.w.s.WelcomePageHandlerMapping - [<init>,61] - Adding welcome page template: index
18:48:35.502 [main] INFO  o.a.c.h.Http11NioProtocol - [log,173] - Starting ProtocolHandler ["http-nio-80"]
18:48:35.528 [main] INFO  o.s.b.w.e.t.TomcatWebServer - [start,204] - Tomcat started on port(s): 80 (http) with context path ''
18:48:35.531 [main] INFO  c.s.StanApplication - [logStarted,59] - Started StanApplication in 3.414 seconds (JVM running for 4.826)
18:52:13.681 [main] INFO  c.s.StanApplication - [logStarting,50] - Starting StanApplication on Stan with PID 6492 (D:\Work\Project\Stan\target\classes started by yangx in D:\Work\Project\Stan)
18:52:13.684 [main] INFO  c.s.StanApplication - [logStartupProfileInfo,675] - No active profile set, falling back to default profiles: default
18:52:14.487 [main] INFO  o.s.d.r.c.RepositoryConfigurationDelegate - [multipleStoresDetected,244] - Multiple Spring Data modules found, entering strict repository configuration mode!
18:52:14.489 [main] INFO  o.s.d.r.c.RepositoryConfigurationDelegate - [registerRepositoriesIn,126] - Bootstrapping Spring Data repositories in DEFAULT mode.
18:52:14.512 [main] INFO  o.s.d.r.c.RepositoryConfigurationDelegate - [registerRepositoriesIn,182] - Finished Spring Data repository scanning in 12ms. Found 0 repository interfaces.
18:52:14.786 [main] INFO  o.s.c.s.PostProcessorRegistrationDelegate$BeanPostProcessorChecker - [postProcessAfterInitialization,330] - Bean 'org.springframework.ws.config.annotation.DelegatingWsConfiguration' of type [org.springframework.ws.config.annotation.DelegatingWsConfiguration$$EnhancerBySpringCGLIB$$7901c367] is not eligible for getting processed by all BeanPostProcessors (for example: not eligible for auto-proxying)
18:52:14.813 [main] INFO  o.s.w.s.a.s.AnnotationActionEndpointMapping - [afterPropertiesSet,236] - Supporting [WS-Addressing August 2004, WS-Addressing 1.0]
18:52:14.827 [main] INFO  o.s.c.s.PostProcessorRegistrationDelegate$BeanPostProcessorChecker - [postProcessAfterInitialization,330] - Bean 'org.springframework.transaction.annotation.ProxyTransactionManagementConfiguration' of type [org.springframework.transaction.annotation.ProxyTransactionManagementConfiguration$$EnhancerBySpringCGLIB$$d469fe68] is not eligible for getting processed by all BeanPostProcessors (for example: not eligible for auto-proxying)
18:52:15.088 [main] INFO  o.s.b.w.e.t.TomcatWebServer - [initialize,90] - Tomcat initialized with port(s): 80 (http)
18:52:15.103 [main] INFO  o.a.c.h.Http11NioProtocol - [log,173] - Initializing ProtocolHandler ["http-nio-80"]
18:52:15.110 [main] INFO  o.a.c.c.StandardService - [log,173] - Starting service [Tomcat]
18:52:15.110 [main] INFO  o.a.c.c.StandardEngine - [log,173] - Starting Servlet engine: [Apache Tomcat/9.0.16]
18:52:15.117 [main] INFO  o.a.c.c.AprLifecycleListener - [log,173] - The APR based Apache Tomcat Native library which allows optimal performance in production environments was not found on the java.library.path: [D:\Work\JDK\jdk1.8.0_91\bin;C:\WINDOWS\Sun\Java\bin;C:\WINDOWS\system32;C:\WINDOWS;D:\app\yangx\product\11.1.0\db_1\bin;C:\Program Files (x86)\Intel\iCLS Client\;C:\Program Files\Intel\iCLS Client\;C:\WINDOWS\system32;C:\WINDOWS;C:\WINDOWS\System32\Wbem;C:\WINDOWS\System32\WindowsPowerShell\v1.0\;C:\Program Files (x86)\Intel\Intel(R) Management Engine Components\DAL;C:\Program Files\Intel\Intel(R) Management Engine Components\DAL;C:\Program Files (x86)\Intel\Intel(R) Management Engine Components\IPT;C:\Program Files\Intel\Intel(R) Management Engine Components\IPT;D:\Work\JDK\jdk1.8.0_91\jre\bin;C:\WINDOWS\System32\OpenSSH\;D:\Work\Maven\apache-maven-3.5.4\jre\bin;D:\Oracle\ora90\BIN\;D:\Work\MYSQL\mysql-5.7.23-winx64\bin;C:\Users\yangx\AppData\Local\Microsoft\WindowsApps;D:\Program Files\Bandizip\;d:\Program Files\JetBrains\DataGrip 2018.3.1\bin;;.]
18:52:15.219 [main] INFO  o.a.c.c.C.[.[.[/] - [log,173] - Initializing Spring embedded WebApplicationContext
18:52:15.219 [main] INFO  o.s.w.c.ContextLoader - [prepareWebApplicationContext,296] - Root WebApplicationContext: initialization completed in 1429 ms
18:52:15.733 [main] INFO  o.s.s.c.ThreadPoolTaskExecutor - [initialize,171] - Initializing ExecutorService 'applicationTaskExecutor'
18:52:15.855 [main] INFO  o.s.b.a.w.s.WelcomePageHandlerMapping - [<init>,61] - Adding welcome page template: index
18:52:16.242 [main] INFO  o.a.c.h.Http11NioProtocol - [log,173] - Starting ProtocolHandler ["http-nio-80"]
18:52:16.266 [main] INFO  o.s.b.w.e.t.TomcatWebServer - [start,204] - Tomcat started on port(s): 80 (http) with context path ''
18:52:16.269 [main] INFO  c.s.StanApplication - [logStarted,59] - Started StanApplication in 3.225 seconds (JVM running for 4.421)
18:53:38.079 [main] INFO  c.s.StanApplication - [logStarting,50] - Starting StanApplication on Stan with PID 5276 (D:\Work\Project\Stan\target\classes started by yangx in D:\Work\Project\Stan)
18:53:38.085 [main] INFO  c.s.StanApplication - [logStartupProfileInfo,675] - No active profile set, falling back to default profiles: default
18:53:39.011 [main] INFO  o.s.d.r.c.RepositoryConfigurationDelegate - [multipleStoresDetected,244] - Multiple Spring Data modules found, entering strict repository configuration mode!
18:53:39.014 [main] INFO  o.s.d.r.c.RepositoryConfigurationDelegate - [registerRepositoriesIn,126] - Bootstrapping Spring Data repositories in DEFAULT mode.
18:53:39.042 [main] INFO  o.s.d.r.c.RepositoryConfigurationDelegate - [registerRepositoriesIn,182] - Finished Spring Data repository scanning in 15ms. Found 0 repository interfaces.
18:53:39.370 [main] INFO  o.s.c.s.PostProcessorRegistrationDelegate$BeanPostProcessorChecker - [postProcessAfterInitialization,330] - Bean 'org.springframework.ws.config.annotation.DelegatingWsConfiguration' of type [org.springframework.ws.config.annotation.DelegatingWsConfiguration$$EnhancerBySpringCGLIB$$d8ecc9ab] is not eligible for getting processed by all BeanPostProcessors (for example: not eligible for auto-proxying)
18:53:39.412 [main] INFO  o.s.w.s.a.s.AnnotationActionEndpointMapping - [afterPropertiesSet,236] - Supporting [WS-Addressing August 2004, WS-Addressing 1.0]
18:53:39.428 [main] INFO  o.s.c.s.PostProcessorRegistrationDelegate$BeanPostProcessorChecker - [postProcessAfterInitialization,330] - Bean 'org.springframework.transaction.annotation.ProxyTransactionManagementConfiguration' of type [org.springframework.transaction.annotation.ProxyTransactionManagementConfiguration$$EnhancerBySpringCGLIB$$345504ac] is not eligible for getting processed by all BeanPostProcessors (for example: not eligible for auto-proxying)
18:53:39.724 [main] INFO  o.s.b.w.e.t.TomcatWebServer - [initialize,90] - Tomcat initialized with port(s): 80 (http)
18:53:39.738 [main] INFO  o.a.c.h.Http11NioProtocol - [log,173] - Initializing ProtocolHandler ["http-nio-80"]
18:53:39.746 [main] INFO  o.a.c.c.StandardService - [log,173] - Starting service [Tomcat]
18:53:39.746 [main] INFO  o.a.c.c.StandardEngine - [log,173] - Starting Servlet engine: [Apache Tomcat/9.0.16]
18:53:39.755 [main] INFO  o.a.c.c.AprLifecycleListener - [log,173] - The APR based Apache Tomcat Native library which allows optimal performance in production environments was not found on the java.library.path: [D:\Work\JDK\jdk1.8.0_91\bin;C:\WINDOWS\Sun\Java\bin;C:\WINDOWS\system32;C:\WINDOWS;D:\app\yangx\product\11.1.0\db_1\bin;C:\Program Files (x86)\Intel\iCLS Client\;C:\Program Files\Intel\iCLS Client\;C:\WINDOWS\system32;C:\WINDOWS;C:\WINDOWS\System32\Wbem;C:\WINDOWS\System32\WindowsPowerShell\v1.0\;C:\Program Files (x86)\Intel\Intel(R) Management Engine Components\DAL;C:\Program Files\Intel\Intel(R) Management Engine Components\DAL;C:\Program Files (x86)\Intel\Intel(R) Management Engine Components\IPT;C:\Program Files\Intel\Intel(R) Management Engine Components\IPT;D:\Work\JDK\jdk1.8.0_91\jre\bin;C:\WINDOWS\System32\OpenSSH\;D:\Work\Maven\apache-maven-3.5.4\jre\bin;D:\Oracle\ora90\BIN\;D:\Work\MYSQL\mysql-5.7.23-winx64\bin;C:\Users\yangx\AppData\Local\Microsoft\WindowsApps;D:\Program Files\Bandizip\;d:\Program Files\JetBrains\DataGrip 2018.3.1\bin;;.]
18:53:39.869 [main] INFO  o.a.c.c.C.[.[.[/] - [log,173] - Initializing Spring embedded WebApplicationContext
18:53:39.870 [main] INFO  o.s.w.c.ContextLoader - [prepareWebApplicationContext,296] - Root WebApplicationContext: initialization completed in 1608 ms
18:53:40.558 [main] INFO  o.s.s.c.ThreadPoolTaskExecutor - [initialize,171] - Initializing ExecutorService 'applicationTaskExecutor'
18:53:40.676 [main] INFO  o.s.b.a.w.s.WelcomePageHandlerMapping - [<init>,61] - Adding welcome page template: index
18:53:41.106 [main] INFO  o.a.c.h.Http11NioProtocol - [log,173] - Starting ProtocolHandler ["http-nio-80"]
18:53:41.134 [main] INFO  o.s.b.w.e.t.TomcatWebServer - [start,204] - Tomcat started on port(s): 80 (http) with context path ''
18:53:41.137 [main] INFO  c.s.StanApplication - [logStarted,59] - Started StanApplication in 3.743 seconds (JVM running for 5.189)
18:57:37.245 [http-nio-80-exec-1] INFO  o.a.c.c.C.[.[.[/] - [log,173] - Initializing Spring DispatcherServlet 'dispatcherServlet'
18:57:37.245 [http-nio-80-exec-1] INFO  o.s.w.s.DispatcherServlet - [initServletBean,524] - Initializing Servlet 'dispatcherServlet'
18:57:37.251 [http-nio-80-exec-1] INFO  o.s.w.s.DispatcherServlet - [initServletBean,546] - Completed initialization in 5 ms
18:57:37.293 [http-nio-80-exec-1] INFO  c.z.h.HikariDataSource - [getConnection,110] - HikariPool-1 - Starting...
18:57:37.391 [http-nio-80-exec-1] INFO  c.z.h.HikariDataSource - [getConnection,123] - HikariPool-1 - Start completed.
18:57:37.610 [http-nio-80-exec-1] INFO  c.s.f.AccessRecorderFilter - [doFilter,30] - uri:,ip:,ua:Mozilla/5.0 (Windows NT 6.1; Win64; x64) AppleWebKit/537.36 (KHTML, like Gecko) Chrome/66.0.3359.181 Safari/537.36,time:352
18:57:37.706 [http-nio-80-exec-2] INFO  c.s.f.AccessRecorderFilter - [doFilter,30] - uri:,ip:,ua:Mozilla/5.0 (Windows NT 6.1; Win64; x64) AppleWebKit/537.36 (KHTML, like Gecko) Chrome/66.0.3359.181 Safari/537.36,time:13
18:59:21.853 [http-nio-80-exec-6] INFO  c.s.f.AccessRecorderFilter - [doFilter,30] - uri:,ip:,ua:Mozilla/5.0 (Windows NT 6.1; Win64; x64) AppleWebKit/537.36 (KHTML, like Gecko) Chrome/66.0.3359.181 Safari/537.36,time:180
19:39:31.966 [main] INFO  c.s.StanApplication - [logStarting,50] - Starting StanApplication on Stan with PID 3956 (D:\Work\Project\Stan\target\classes started by yangx in D:\Work\Project\Stan)
19:39:31.971 [main] INFO  c.s.StanApplication - [logStartupProfileInfo,675] - No active profile set, falling back to default profiles: default
19:39:32.727 [main] INFO  o.s.d.r.c.RepositoryConfigurationDelegate - [multipleStoresDetected,244] - Multiple Spring Data modules found, entering strict repository configuration mode!
19:39:32.728 [main] INFO  o.s.d.r.c.RepositoryConfigurationDelegate - [registerRepositoriesIn,126] - Bootstrapping Spring Data repositories in DEFAULT mode.
19:39:32.754 [main] INFO  o.s.d.r.c.RepositoryConfigurationDelegate - [registerRepositoriesIn,182] - Finished Spring Data repository scanning in 14ms. Found 0 repository interfaces.
19:39:33.017 [main] INFO  o.s.c.s.PostProcessorRegistrationDelegate$BeanPostProcessorChecker - [postProcessAfterInitialization,330] - Bean 'org.springframework.ws.config.annotation.DelegatingWsConfiguration' of type [org.springframework.ws.config.annotation.DelegatingWsConfiguration$$EnhancerBySpringCGLIB$$baa68a99] is not eligible for getting processed by all BeanPostProcessors (for example: not eligible for auto-proxying)
19:39:33.053 [main] INFO  o.s.w.s.a.s.AnnotationActionEndpointMapping - [afterPropertiesSet,236] - Supporting [WS-Addressing August 2004, WS-Addressing 1.0]
19:39:33.067 [main] INFO  o.s.c.s.PostProcessorRegistrationDelegate$BeanPostProcessorChecker - [postProcessAfterInitialization,330] - Bean 'org.springframework.transaction.annotation.ProxyTransactionManagementConfiguration' of type [org.springframework.transaction.annotation.ProxyTransactionManagementConfiguration$$EnhancerBySpringCGLIB$$160ec59a] is not eligible for getting processed by all BeanPostProcessors (for example: not eligible for auto-proxying)
19:39:33.334 [main] INFO  o.s.b.w.e.t.TomcatWebServer - [initialize,90] - Tomcat initialized with port(s): 80 (http)
19:39:33.346 [main] INFO  o.a.c.h.Http11NioProtocol - [log,173] - Initializing ProtocolHandler ["http-nio-80"]
19:39:33.353 [main] INFO  o.a.c.c.StandardService - [log,173] - Starting service [Tomcat]
19:39:33.353 [main] INFO  o.a.c.c.StandardEngine - [log,173] - Starting Servlet engine: [Apache Tomcat/9.0.16]
19:39:33.359 [main] INFO  o.a.c.c.AprLifecycleListener - [log,173] - The APR based Apache Tomcat Native library which allows optimal performance in production environments was not found on the java.library.path: [D:\Work\JDK\jdk1.8.0_91\bin;C:\WINDOWS\Sun\Java\bin;C:\WINDOWS\system32;C:\WINDOWS;D:\app\yangx\product\11.1.0\db_1\bin;C:\Program Files (x86)\Intel\iCLS Client\;C:\Program Files\Intel\iCLS Client\;C:\WINDOWS\system32;C:\WINDOWS;C:\WINDOWS\System32\Wbem;C:\WINDOWS\System32\WindowsPowerShell\v1.0\;C:\Program Files (x86)\Intel\Intel(R) Management Engine Components\DAL;C:\Program Files\Intel\Intel(R) Management Engine Components\DAL;C:\Program Files (x86)\Intel\Intel(R) Management Engine Components\IPT;C:\Program Files\Intel\Intel(R) Management Engine Components\IPT;D:\Work\JDK\jdk1.8.0_91\jre\bin;C:\WINDOWS\System32\OpenSSH\;D:\Work\Maven\apache-maven-3.5.4\jre\bin;D:\Oracle\ora90\BIN\;D:\Work\MYSQL\mysql-5.7.23-winx64\bin;C:\Users\yangx\AppData\Local\Microsoft\WindowsApps;D:\Program Files\Bandizip\;d:\Program Files\JetBrains\DataGrip 2018.3.1\bin;;.]
19:39:33.450 [main] INFO  o.a.c.c.C.[.[.[/] - [log,173] - Initializing Spring embedded WebApplicationContext
19:39:33.450 [main] INFO  o.s.w.c.ContextLoader - [prepareWebApplicationContext,296] - Root WebApplicationContext: initialization completed in 1349 ms
19:39:34.034 [main] INFO  o.s.s.c.ThreadPoolTaskExecutor - [initialize,171] - Initializing ExecutorService 'applicationTaskExecutor'
19:39:34.082 [main] INFO  o.s.s.c.ThreadPoolTaskExecutor - [shutdown,208] - Shutting down ExecutorService 'applicationTaskExecutor'
19:39:34.084 [main] INFO  o.a.c.c.StandardService - [log,173] - Stopping service [Tomcat]
19:39:34.094 [main] INFO  o.s.b.a.l.ConditionEvaluationReportLoggingListener - [logMessage,142] - 

Error starting ApplicationContext. To display the conditions report re-run your application with 'debug' enabled.
19:41:21.786 [main] INFO  c.s.StanApplication - [logStarting,50] - Starting StanApplication on Stan with PID 10664 (D:\Work\Project\Stan\target\classes started by yangx in D:\Work\Project\Stan)
19:41:21.790 [main] INFO  c.s.StanApplication - [logStartupProfileInfo,675] - No active profile set, falling back to default profiles: default
19:41:22.738 [main] INFO  o.s.d.r.c.RepositoryConfigurationDelegate - [multipleStoresDetected,244] - Multiple Spring Data modules found, entering strict repository configuration mode!
19:41:22.740 [main] INFO  o.s.d.r.c.RepositoryConfigurationDelegate - [registerRepositoriesIn,126] - Bootstrapping Spring Data repositories in DEFAULT mode.
19:41:22.764 [main] INFO  o.s.d.r.c.RepositoryConfigurationDelegate - [registerRepositoriesIn,182] - Finished Spring Data repository scanning in 13ms. Found 0 repository interfaces.
19:41:23.072 [main] INFO  o.s.c.s.PostProcessorRegistrationDelegate$BeanPostProcessorChecker - [postProcessAfterInitialization,330] - Bean 'org.springframework.ws.config.annotation.DelegatingWsConfiguration' of type [org.springframework.ws.config.annotation.DelegatingWsConfiguration$$EnhancerBySpringCGLIB$$9419eaf] is not eligible for getting processed by all BeanPostProcessors (for example: not eligible for auto-proxying)
19:41:23.099 [main] INFO  o.s.w.s.a.s.AnnotationActionEndpointMapping - [afterPropertiesSet,236] - Supporting [WS-Addressing August 2004, WS-Addressing 1.0]
19:41:23.112 [main] INFO  o.s.c.s.PostProcessorRegistrationDelegate$BeanPostProcessorChecker - [postProcessAfterInitialization,330] - Bean 'org.springframework.transaction.annotation.ProxyTransactionManagementConfiguration' of type [org.springframework.transaction.annotation.ProxyTransactionManagementConfiguration$$EnhancerBySpringCGLIB$$64a9d9b0] is not eligible for getting processed by all BeanPostProcessors (for example: not eligible for auto-proxying)
19:41:23.387 [main] INFO  o.s.b.w.e.t.TomcatWebServer - [initialize,90] - Tomcat initialized with port(s): 80 (http)
19:41:23.398 [main] INFO  o.a.c.h.Http11NioProtocol - [log,173] - Initializing ProtocolHandler ["http-nio-80"]
19:41:23.405 [main] INFO  o.a.c.c.StandardService - [log,173] - Starting service [Tomcat]
19:41:23.405 [main] INFO  o.a.c.c.StandardEngine - [log,173] - Starting Servlet engine: [Apache Tomcat/9.0.16]
19:41:23.411 [main] INFO  o.a.c.c.AprLifecycleListener - [log,173] - The APR based Apache Tomcat Native library which allows optimal performance in production environments was not found on the java.library.path: [D:\Work\JDK\jdk1.8.0_91\bin;C:\WINDOWS\Sun\Java\bin;C:\WINDOWS\system32;C:\WINDOWS;D:\app\yangx\product\11.1.0\db_1\bin;C:\Program Files (x86)\Intel\iCLS Client\;C:\Program Files\Intel\iCLS Client\;C:\WINDOWS\system32;C:\WINDOWS;C:\WINDOWS\System32\Wbem;C:\WINDOWS\System32\WindowsPowerShell\v1.0\;C:\Program Files (x86)\Intel\Intel(R) Management Engine Components\DAL;C:\Program Files\Intel\Intel(R) Management Engine Components\DAL;C:\Program Files (x86)\Intel\Intel(R) Management Engine Components\IPT;C:\Program Files\Intel\Intel(R) Management Engine Components\IPT;D:\Work\JDK\jdk1.8.0_91\jre\bin;C:\WINDOWS\System32\OpenSSH\;D:\Work\Maven\apache-maven-3.5.4\jre\bin;D:\Oracle\ora90\BIN\;D:\Work\MYSQL\mysql-5.7.23-winx64\bin;C:\Users\yangx\AppData\Local\Microsoft\WindowsApps;D:\Program Files\Bandizip\;d:\Program Files\JetBrains\DataGrip 2018.3.1\bin;;.]
19:41:23.496 [main] INFO  o.a.c.c.C.[.[.[/] - [log,173] - Initializing Spring embedded WebApplicationContext
19:41:23.496 [main] INFO  o.s.w.c.ContextLoader - [prepareWebApplicationContext,296] - Root WebApplicationContext: initialization completed in 1557 ms
19:41:24.077 [main] INFO  o.s.s.c.ThreadPoolTaskExecutor - [initialize,171] - Initializing ExecutorService 'applicationTaskExecutor'
19:41:24.188 [main] INFO  o.s.b.a.w.s.WelcomePageHandlerMapping - [<init>,61] - Adding welcome page template: index
19:41:24.569 [main] INFO  o.a.c.h.Http11NioProtocol - [log,173] - Starting ProtocolHandler ["http-nio-80"]
19:41:24.593 [main] INFO  o.s.b.w.e.t.TomcatWebServer - [start,204] - Tomcat started on port(s): 80 (http) with context path ''
19:41:24.595 [main] INFO  c.s.StanApplication - [logStarted,59] - Started StanApplication in 3.401 seconds (JVM running for 4.566)
19:42:08.810 [main] INFO  c.s.StanApplication - [logStarting,50] - Starting StanApplication on Stan with PID 13952 (D:\Work\Project\Stan\target\classes started by yangx in D:\Work\Project\Stan)
19:42:08.813 [main] INFO  c.s.StanApplication - [logStartupProfileInfo,675] - No active profile set, falling back to default profiles: default
19:42:09.504 [main] INFO  o.s.d.r.c.RepositoryConfigurationDelegate - [multipleStoresDetected,244] - Multiple Spring Data modules found, entering strict repository configuration mode!
19:42:09.506 [main] INFO  o.s.d.r.c.RepositoryConfigurationDelegate - [registerRepositoriesIn,126] - Bootstrapping Spring Data repositories in DEFAULT mode.
19:42:09.530 [main] INFO  o.s.d.r.c.RepositoryConfigurationDelegate - [registerRepositoriesIn,182] - Finished Spring Data repository scanning in 13ms. Found 0 repository interfaces.
19:42:09.813 [main] INFO  o.s.c.s.PostProcessorRegistrationDelegate$BeanPostProcessorChecker - [postProcessAfterInitialization,330] - Bean 'org.springframework.ws.config.annotation.DelegatingWsConfiguration' of type [org.springframework.ws.config.annotation.DelegatingWsConfiguration$$EnhancerBySpringCGLIB$$1bfb5acb] is not eligible for getting processed by all BeanPostProcessors (for example: not eligible for auto-proxying)
19:42:09.854 [main] INFO  o.s.w.s.a.s.AnnotationActionEndpointMapping - [afterPropertiesSet,236] - Supporting [WS-Addressing August 2004, WS-Addressing 1.0]
19:42:09.871 [main] INFO  o.s.c.s.PostProcessorRegistrationDelegate$BeanPostProcessorChecker - [postProcessAfterInitialization,330] - Bean 'org.springframework.transaction.annotation.ProxyTransactionManagementConfiguration' of type [org.springframework.transaction.annotation.ProxyTransactionManagementConfiguration$$EnhancerBySpringCGLIB$$776395cc] is not eligible for getting processed by all BeanPostProcessors (for example: not eligible for auto-proxying)
19:42:10.170 [main] INFO  o.s.b.w.e.t.TomcatWebServer - [initialize,90] - Tomcat initialized with port(s): 80 (http)
19:42:10.181 [main] INFO  o.a.c.h.Http11NioProtocol - [log,173] - Initializing ProtocolHandler ["http-nio-80"]
19:42:10.187 [main] INFO  o.a.c.c.StandardService - [log,173] - Starting service [Tomcat]
19:42:10.188 [main] INFO  o.a.c.c.StandardEngine - [log,173] - Starting Servlet engine: [Apache Tomcat/9.0.16]
19:42:10.194 [main] INFO  o.a.c.c.AprLifecycleListener - [log,173] - The APR based Apache Tomcat Native library which allows optimal performance in production environments was not found on the java.library.path: [D:\Work\JDK\jdk1.8.0_91\bin;C:\WINDOWS\Sun\Java\bin;C:\WINDOWS\system32;C:\WINDOWS;D:\app\yangx\product\11.1.0\db_1\bin;C:\Program Files (x86)\Intel\iCLS Client\;C:\Program Files\Intel\iCLS Client\;C:\WINDOWS\system32;C:\WINDOWS;C:\WINDOWS\System32\Wbem;C:\WINDOWS\System32\WindowsPowerShell\v1.0\;C:\Program Files (x86)\Intel\Intel(R) Management Engine Components\DAL;C:\Program Files\Intel\Intel(R) Management Engine Components\DAL;C:\Program Files (x86)\Intel\Intel(R) Management Engine Components\IPT;C:\Program Files\Intel\Intel(R) Management Engine Components\IPT;D:\Work\JDK\jdk1.8.0_91\jre\bin;C:\WINDOWS\System32\OpenSSH\;D:\Work\Maven\apache-maven-3.5.4\jre\bin;D:\Oracle\ora90\BIN\;D:\Work\MYSQL\mysql-5.7.23-winx64\bin;C:\Users\yangx\AppData\Local\Microsoft\WindowsApps;D:\Program Files\Bandizip\;d:\Program Files\JetBrains\DataGrip 2018.3.1\bin;;.]
19:42:10.280 [main] INFO  o.a.c.c.C.[.[.[/] - [log,173] - Initializing Spring embedded WebApplicationContext
19:42:10.280 [main] INFO  o.s.w.c.ContextLoader - [prepareWebApplicationContext,296] - Root WebApplicationContext: initialization completed in 1386 ms
19:42:10.823 [main] INFO  o.s.s.c.ThreadPoolTaskExecutor - [initialize,171] - Initializing ExecutorService 'applicationTaskExecutor'
19:42:10.928 [main] INFO  o.s.b.a.w.s.WelcomePageHandlerMapping - [<init>,61] - Adding welcome page template: index
19:42:11.305 [main] INFO  o.a.c.h.Http11NioProtocol - [log,173] - Starting ProtocolHandler ["http-nio-80"]
19:42:11.328 [main] INFO  o.s.b.w.e.t.TomcatWebServer - [start,204] - Tomcat started on port(s): 80 (http) with context path ''
19:42:11.330 [main] INFO  c.s.StanApplication - [logStarted,59] - Started StanApplication in 3.095 seconds (JVM running for 4.284)
19:42:46.467 [http-nio-80-exec-1] INFO  o.a.c.c.C.[.[.[/] - [log,173] - Initializing Spring DispatcherServlet 'dispatcherServlet'
19:42:46.467 [http-nio-80-exec-1] INFO  o.s.w.s.DispatcherServlet - [initServletBean,524] - Initializing Servlet 'dispatcherServlet'
19:42:46.473 [http-nio-80-exec-1] INFO  o.s.w.s.DispatcherServlet - [initServletBean,546] - Completed initialization in 6 ms
19:42:46.516 [http-nio-80-exec-1] INFO  c.z.h.HikariDataSource - [getConnection,110] - HikariPool-1 - Starting...
19:42:46.613 [http-nio-80-exec-1] INFO  c.z.h.HikariDataSource - [getConnection,123] - HikariPool-1 - Start completed.
19:42:46.713 [http-nio-80-exec-1] INFO  c.s.f.AccessRecorderFilter - [doFilter,30] - uri:,ip:,ua:Mozilla/5.0 (Windows NT 6.1; Win64; x64) AppleWebKit/537.36 (KHTML, like Gecko) Chrome/66.0.3359.181 Safari/537.36,time:233
19:48:32.952 [main] INFO  c.s.StanApplication - [logStarting,50] - Starting StanApplication on Stan with PID 2692 (D:\Work\Project\Stan\target\classes started by yangx in D:\Work\Project\Stan)
19:48:32.955 [main] INFO  c.s.StanApplication - [logStartupProfileInfo,675] - No active profile set, falling back to default profiles: default
19:48:33.645 [main] INFO  o.s.d.r.c.RepositoryConfigurationDelegate - [multipleStoresDetected,244] - Multiple Spring Data modules found, entering strict repository configuration mode!
19:48:33.646 [main] INFO  o.s.d.r.c.RepositoryConfigurationDelegate - [registerRepositoriesIn,126] - Bootstrapping Spring Data repositories in DEFAULT mode.
19:48:33.672 [main] INFO  o.s.d.r.c.RepositoryConfigurationDelegate - [registerRepositoriesIn,182] - Finished Spring Data repository scanning in 15ms. Found 0 repository interfaces.
19:48:33.993 [main] INFO  o.s.c.s.PostProcessorRegistrationDelegate$BeanPostProcessorChecker - [postProcessAfterInitialization,330] - Bean 'org.springframework.ws.config.annotation.DelegatingWsConfiguration' of type [org.springframework.ws.config.annotation.DelegatingWsConfiguration$$EnhancerBySpringCGLIB$$dd0ca69d] is not eligible for getting processed by all BeanPostProcessors (for example: not eligible for auto-proxying)
19:48:34.034 [main] INFO  o.s.w.s.a.s.AnnotationActionEndpointMapping - [afterPropertiesSet,236] - Supporting [WS-Addressing August 2004, WS-Addressing 1.0]
19:48:34.049 [main] INFO  o.s.c.s.PostProcessorRegistrationDelegate$BeanPostProcessorChecker - [postProcessAfterInitialization,330] - Bean 'org.springframework.transaction.annotation.ProxyTransactionManagementConfiguration' of type [org.springframework.transaction.annotation.ProxyTransactionManagementConfiguration$$EnhancerBySpringCGLIB$$3874e19e] is not eligible for getting processed by all BeanPostProcessors (for example: not eligible for auto-proxying)
19:48:34.306 [main] INFO  o.s.b.w.e.t.TomcatWebServer - [initialize,90] - Tomcat initialized with port(s): 80 (http)
19:48:34.318 [main] INFO  o.a.c.h.Http11NioProtocol - [log,173] - Initializing ProtocolHandler ["http-nio-80"]
19:48:34.324 [main] INFO  o.a.c.c.StandardService - [log,173] - Starting service [Tomcat]
19:48:34.325 [main] INFO  o.a.c.c.StandardEngine - [log,173] - Starting Servlet engine: [Apache Tomcat/9.0.16]
19:48:34.331 [main] INFO  o.a.c.c.AprLifecycleListener - [log,173] - The APR based Apache Tomcat Native library which allows optimal performance in production environments was not found on the java.library.path: [D:\Work\JDK\jdk1.8.0_91\bin;C:\WINDOWS\Sun\Java\bin;C:\WINDOWS\system32;C:\WINDOWS;D:\app\yangx\product\11.1.0\db_1\bin;C:\Program Files (x86)\Intel\iCLS Client\;C:\Program Files\Intel\iCLS Client\;C:\WINDOWS\system32;C:\WINDOWS;C:\WINDOWS\System32\Wbem;C:\WINDOWS\System32\WindowsPowerShell\v1.0\;C:\Program Files (x86)\Intel\Intel(R) Management Engine Components\DAL;C:\Program Files\Intel\Intel(R) Management Engine Components\DAL;C:\Program Files (x86)\Intel\Intel(R) Management Engine Components\IPT;C:\Program Files\Intel\Intel(R) Management Engine Components\IPT;D:\Work\JDK\jdk1.8.0_91\jre\bin;C:\WINDOWS\System32\OpenSSH\;D:\Work\Maven\apache-maven-3.5.4\jre\bin;D:\Oracle\ora90\BIN\;D:\Work\MYSQL\mysql-5.7.23-winx64\bin;C:\Users\yangx\AppData\Local\Microsoft\WindowsApps;D:\Program Files\Bandizip\;d:\Program Files\JetBrains\DataGrip 2018.3.1\bin;;.]
19:48:34.419 [main] INFO  o.a.c.c.C.[.[.[/] - [log,173] - Initializing Spring embedded WebApplicationContext
19:48:34.419 [main] INFO  o.s.w.c.ContextLoader - [prepareWebApplicationContext,296] - Root WebApplicationContext: initialization completed in 1384 ms
19:48:34.976 [main] INFO  o.s.s.c.ThreadPoolTaskExecutor - [initialize,171] - Initializing ExecutorService 'applicationTaskExecutor'
19:48:35.082 [main] INFO  o.s.b.a.w.s.WelcomePageHandlerMapping - [<init>,61] - Adding welcome page template: index
19:48:35.454 [main] INFO  o.a.c.h.Http11NioProtocol - [log,173] - Starting ProtocolHandler ["http-nio-80"]
19:48:35.476 [main] INFO  o.s.b.w.e.t.TomcatWebServer - [start,204] - Tomcat started on port(s): 80 (http) with context path ''
19:48:35.479 [main] INFO  c.s.StanApplication - [logStarted,59] - Started StanApplication in 3.054 seconds (JVM running for 4.262)
19:48:45.021 [http-nio-80-exec-3] INFO  o.a.c.c.C.[.[.[/] - [log,173] - Initializing Spring DispatcherServlet 'dispatcherServlet'
19:48:45.021 [http-nio-80-exec-3] INFO  o.s.w.s.DispatcherServlet - [initServletBean,524] - Initializing Servlet 'dispatcherServlet'
19:48:45.027 [http-nio-80-exec-3] INFO  o.s.w.s.DispatcherServlet - [initServletBean,546] - Completed initialization in 6 ms
19:48:45.071 [http-nio-80-exec-3] INFO  c.z.h.HikariDataSource - [getConnection,110] - HikariPool-1 - Starting...
19:48:45.162 [http-nio-80-exec-3] INFO  c.z.h.HikariDataSource - [getConnection,123] - HikariPool-1 - Start completed.
19:48:45.266 [http-nio-80-exec-3] INFO  c.s.f.AccessRecorderFilter - [doFilter,30] - uri:,ip:,ua:Mozilla/5.0 (Windows NT 6.1; Win64; x64) AppleWebKit/537.36 (KHTML, like Gecko) Chrome/66.0.3359.181 Safari/537.36,time:232
